This file contains any messages produced by compilers while
running configure, to aid debugging if configure makes a mistake.

It was created by configure, which was
generated by GNU Autoconf 2.53.  Invocation command line was

  $ ./configure 

## --------- ##
## Platform. ##
## --------- ##

hostname = Tiggers-Mac-mini.local
uname -m = x86_64
uname -r = 11.2.0
uname -s = Darwin
uname -v = Darwin Kernel Version 11.2.0: Tue Aug  9 20:54:00 PDT 2011; root:xnu-1699.24.8~1/RELEASE_X86_64

/usr/bin/uname -p = i386
/bin/uname -X     = unknown

/bin/arch              = unknown
/usr/bin/arch -k       = unknown
/usr/convex/getsysinfo = unknown
hostinfo               = Mach kernel version:
	 Darwin Kernel Version 11.2.0: Tue Aug  9 20:54:00 PDT 2011; root:xnu-1699.24.8~1/RELEASE_X86_64
Kernel configured for up to 4 processors.
2 processors are physically available.
4 processors are logically available.
Processor type: i486 (Intel 80486)
Processors active: 0 1 2 3
Primary memory available: 8.00 gigabytes
Default processor set: 91 tasks, 496 threads, 4 processors
Load average: 1.32, Mach factor: 2.67
/bin/machine           = unknown
/usr/bin/oslevel       = unknown
/bin/universe          = unknown

PATH: /usr/bin
PATH: /bin
PATH: /usr/sbin
PATH: /sbin
PATH: /usr/local/bin
PATH: /usr/X11/bin
PATH: /usr/texbin
PATH: /usr/local/CrossPack-AVR/bin


## ----------- ##
## Core tests. ##
## ----------- ##

configure:1229: checking for a BSD-compatible install
configure:1283: result: /usr/bin/install -c
configure:1294: checking whether build environment is sane
configure:1337: result: yes
configure:1370: checking for gawk
configure:1399: result: no
configure:1370: checking for mawk
configure:1399: result: no
configure:1370: checking for nawk
configure:1399: result: no
configure:1370: checking for awk
configure:1386: found /usr/bin/awk
configure:1396: result: awk
configure:1406: checking whether make sets ${MAKE}
configure:1426: result: yes
configure:1624: checking for gcc
configure:1640: found /usr/bin/gcc
configure:1650: result: gcc
configure:1894: checking for C compiler version
configure:1897: gcc --version </dev/null >&5
i686-apple-darwin11-llvm-gcc-4.2 (GCC) 4.2.1 (Based on Apple Inc. build 5658) (LLVM build 2335.15.00)
Copyright (C) 2007 Free Software Foundation, Inc.
This is free software; see the source for copying conditions.  There is NO
warranty; not even for MERCHANTABILITY or FITNESS FOR A PARTICULAR PURPOSE.

configure:1900: $? = 0
configure:1902: gcc -v </dev/null >&5
Using built-in specs.
Target: i686-apple-darwin11
Configured with: /private/var/tmp/llvmgcc42/llvmgcc42-2335.15~25/src/configure --disable-checking --enable-werror --prefix=/Developer/usr/llvm-gcc-4.2 --mandir=/share/man --enable-languages=c,objc,c++,obj-c++ --program-prefix=llvm- --program-transform-name=/^[cg][^.-]*$/s/$/-4.2/ --with-slibdir=/usr/lib --build=i686-apple-darwin11 --enable-llvm=/private/var/tmp/llvmgcc42/llvmgcc42-2335.15~25/dst-llvmCore/Developer/usr/local --program-prefix=i686-apple-darwin11- --host=x86_64-apple-darwin11 --target=i686-apple-darwin11 --with-gxx-include-dir=/usr/include/c++/4.2.1
Thread model: posix
gcc version 4.2.1 (Based on Apple Inc. build 5658) (LLVM build 2335.15.00)
configure:1905: $? = 0
configure:1907: gcc -V </dev/null >&5
llvm-gcc-4.2: argument to `-V' is missing
configure:1910: $? = 1
configure:1936: checking for C compiler default output
configure:1939: gcc    conftest.c  >&5
configure:1942: $? = 0
configure:1975: result: a.out
configure:1980: checking whether the C compiler works
configure:1986: ./a.out
configure:1989: $? = 0
configure:2004: result: yes
configure:2011: checking whether we are cross compiling
configure:2013: result: no
configure:2016: checking for suffix of executables
configure:2018: gcc -o conftest    conftest.c  >&5
configure:2021: $? = 0
configure:2043: result: 
configure:2049: checking for suffix of object files
configure:2073: gcc -c   conftest.c >&5
configure:2076: $? = 0
configure:2095: result: o
configure:2099: checking whether we are using the GNU C compiler
configure:2126: gcc -c   conftest.c >&5
configure:2129: $? = 0
configure:2132: test -s conftest.o
configure:2135: $? = 0
configure:2147: result: yes
configure:2153: checking whether gcc accepts -g
configure:2177: gcc -c -g -fopenmp  conftest.c >&5
configure:2180: $? = 0
configure:2183: test -s conftest.o
configure:2186: $? = 0
configure:2196: result: yes
configure:2223: gcc -c -g -fopenmp -O2  conftest.c >&5
conftest.c:2: error: expected '=', ',', ';', 'asm' or '__attribute__' before 'me'
configure:2226: $? = 1
configure: failed program was:
#ifndef __cplusplus
  choke me
#endif
configure:2355: checking for style of include used by make
configure:2383: result: GNU
configure:2411: checking dependency style of gcc
configure:2473: result: gcc3
configure:2478: checking whether ln -s works
configure:2482: result: yes
configure:2489: checking for a POSIX-compliant shell
configure:2542: result: /bin/sh
configure:2558: checking how to run the C preprocessor
configure:2584: gcc -E  conftest.c
configure:2590: $? = 0
configure:2617: gcc -E  conftest.c
configure:2613:28: error: ac_nonexistent.h: No such file or directory
configure:2623: $? = 1
configure: failed program was:
#line 2612 "configure"
#include "confdefs.h"
#include <ac_nonexistent.h>
configure:2660: result: gcc -E
configure:2675: gcc -E  conftest.c
configure:2681: $? = 0
configure:2708: gcc -E  conftest.c
configure:2704:28: error: ac_nonexistent.h: No such file or directory
configure:2714: $? = 1
configure: failed program was:
#line 2703 "configure"
#include "confdefs.h"
#include <ac_nonexistent.h>
configure:2755: checking for AIX
configure:2774: result: no
configure:2780: checking for ANSI C header files
configure:2794: gcc -E  conftest.c
configure:2800: $? = 0
configure:2887: gcc -o conftest -g -fopenmp -O2   conftest.c  >&5
configure: In function 'main':
configure:2878: warning: incompatible implicit declaration of built-in function 'exit'
configure:2890: $? = 0
configure:2892: ./conftest
configure:2895: $? = 0
configure:2909: result: yes
configure:2933: checking for sys/types.h
configure:2946: gcc -c -g -fopenmp -O2  conftest.c >&5
configure:2949: $? = 0
configure:2952: test -s conftest.o
configure:2955: $? = 0
configure:2965: result: yes
configure:2933: checking for sys/stat.h
configure:2946: gcc -c -g -fopenmp -O2  conftest.c >&5
configure:2949: $? = 0
configure:2952: test -s conftest.o
configure:2955: $? = 0
configure:2965: result: yes
configure:2933: checking for stdlib.h
configure:2946: gcc -c -g -fopenmp -O2  conftest.c >&5
configure:2949: $? = 0
configure:2952: test -s conftest.o
configure:2955: $? = 0
configure:2965: result: yes
configure:2933: checking for string.h
configure:2946: gcc -c -g -fopenmp -O2  conftest.c >&5
configure:2949: $? = 0
configure:2952: test -s conftest.o
configure:2955: $? = 0
configure:2965: result: yes
configure:2933: checking for memory.h
configure:2946: gcc -c -g -fopenmp -O2  conftest.c >&5
configure:2949: $? = 0
configure:2952: test -s conftest.o
configure:2955: $? = 0
configure:2965: result: yes
configure:2933: checking for strings.h
configure:2946: gcc -c -g -fopenmp -O2  conftest.c >&5
configure:2949: $? = 0
configure:2952: test -s conftest.o
configure:2955: $? = 0
configure:2965: result: yes
configure:2933: checking for inttypes.h
configure:2946: gcc -c -g -fopenmp -O2  conftest.c >&5
configure:2949: $? = 0
configure:2952: test -s conftest.o
configure:2955: $? = 0
configure:2965: result: yes
configure:2933: checking for stdint.h
configure:2946: gcc -c -g -fopenmp -O2  conftest.c >&5
configure:2949: $? = 0
configure:2952: test -s conftest.o
configure:2955: $? = 0
configure:2965: result: yes
configure:2933: checking for unistd.h
configure:2946: gcc -c -g -fopenmp -O2  conftest.c >&5
configure:2949: $? = 0
configure:2952: test -s conftest.o
configure:2955: $? = 0
configure:2965: result: yes
configure:2987: checking minix/config.h usability
configure:2996: gcc -c -g -fopenmp -O2  conftest.c >&5
configure:3024:26: error: minix/config.h: No such file or directory
configure:2999: $? = 1
configure: failed program was:
#line 2989 "configure"
#include "confdefs.h"
#include <stdio.h>
#if HAVE_SYS_TYPES_H
# include <sys/types.h>
#endif
#if HAVE_SYS_STAT_H
# include <sys/stat.h>
#endif
#if STDC_HEADERS
# include <stdlib.h>
# include <stddef.h>
#else
# if HAVE_STDLIB_H
#  include <stdlib.h>
# endif
#endif
#if HAVE_STRING_H
# if !STDC_HEADERS && HAVE_MEMORY_H
#  include <memory.h>
# endif
# include <string.h>
#endif
#if HAVE_STRINGS_H
# include <strings.h>
#endif
#if HAVE_INTTYPES_H
# include <inttypes.h>
#else
# if HAVE_STDINT_H
#  include <stdint.h>
# endif
#endif
#if HAVE_UNISTD_H
# include <unistd.h>
#endif
#include <minix/config.h>
configure:3014: result: no
configure:3018: checking minix/config.h presence
configure:3025: gcc -E  conftest.c
configure:3021:26: error: minix/config.h: No such file or directory
configure:3031: $? = 1
configure: failed program was:
#line 3020 "configure"
#include "confdefs.h"
#include <minix/config.h>
configure:3049: result: no
configure:3067: checking for minix/config.h
configure:3074: result: no
configure:3110: checking for special C compiler options needed for large files
configure:3190: result: no
configure:3196: checking for _FILE_OFFSET_BITS value needed for large files
configure:3230: gcc -c -g -fopenmp -O2  conftest.c >&5
configure:3233: $? = 0
configure:3236: test -s conftest.o
configure:3239: $? = 0
configure:3295: result: no
configure:3305: checking for _LARGE_FILES value needed for large files
configure:3339: gcc -c -g -fopenmp -O2  conftest.c >&5
configure:3342: $? = 0
configure:3345: test -s conftest.o
configure:3348: $? = 0
configure:3404: result: no
configure:3449: checking for library containing strerror
configure:3482: gcc -o conftest -g -fopenmp -O2   conftest.c  >&5
configure:3485: $? = 0
configure:3488: test -s conftest
configure:3491: $? = 0
configure:3550: result: none required
configure:3557: checking for gcc option to accept ANSI C
configure:3620: gcc  -c -g -fopenmp -O2  conftest.c >&5
configure:3623: $? = 0
configure:3626: test -s conftest.o
configure:3629: $? = 0
configure:3646: result: none needed
configure:3654: checking for an ANSI C-conforming const
configure:3724: gcc -c -g -fopenmp -O2  conftest.c >&5
configure:3727: $? = 0
configure:3730: test -s conftest.o
configure:3733: $? = 0
configure:3743: result: yes
configure:3753: checking for ANSI C header files
configure:3882: result: yes
configure:3915: checking fcntl.h usability
configure:3924: gcc -c -g -fopenmp -O2  conftest.c >&5
configure:3927: $? = 0
configure:3930: test -s conftest.o
configure:3933: $? = 0
configure:3942: result: yes
configure:3946: checking fcntl.h presence
configure:3953: gcc -E  conftest.c
configure:3959: $? = 0
configure:3977: result: yes
configure:3995: checking for fcntl.h
configure:4002: result: yes
configure:3915: checking limits.h usability
configure:3924: gcc -c -g -fopenmp -O2  conftest.c >&5
configure:3927: $? = 0
configure:3930: test -s conftest.o
configure:3933: $? = 0
configure:3942: result: yes
configure:3946: checking limits.h presence
configure:3953: gcc -E  conftest.c
configure:3959: $? = 0
configure:3977: result: yes
configure:3995: checking for limits.h
configure:4002: result: yes
configure:3906: checking for memory.h
configure:3911: result: yes
configure:3906: checking for stdlib.h
configure:3911: result: yes
configure:3906: checking for string.h
configure:3911: result: yes
configure:3915: checking sys/utime.h usability
configure:3924: gcc -c -g -fopenmp -O2  conftest.c >&5
configure:3952:23: error: sys/utime.h: No such file or directory
configure:3927: $? = 1
configure: failed program was:
#line 3917 "configure"
#include "confdefs.h"
#include <stdio.h>
#if HAVE_SYS_TYPES_H
# include <sys/types.h>
#endif
#if HAVE_SYS_STAT_H
# include <sys/stat.h>
#endif
#if STDC_HEADERS
# include <stdlib.h>
# include <stddef.h>
#else
# if HAVE_STDLIB_H
#  include <stdlib.h>
# endif
#endif
#if HAVE_STRING_H
# if !STDC_HEADERS && HAVE_MEMORY_H
#  include <memory.h>
# endif
# include <string.h>
#endif
#if HAVE_STRINGS_H
# include <strings.h>
#endif
#if HAVE_INTTYPES_H
# include <inttypes.h>
#else
# if HAVE_STDINT_H
#  include <stdint.h>
# endif
#endif
#if HAVE_UNISTD_H
# include <unistd.h>
#endif
#include <sys/utime.h>
configure:3942: result: no
configure:3946: checking sys/utime.h presence
configure:3953: gcc -E  conftest.c
configure:3949:23: error: sys/utime.h: No such file or directory
configure:3959: $? = 1
configure: failed program was:
#line 3948 "configure"
#include "confdefs.h"
#include <sys/utime.h>
configure:3977: result: no
configure:3995: checking for sys/utime.h
configure:4002: result: no
configure:3915: checking time.h usability
configure:3924: gcc -c -g -fopenmp -O2  conftest.c >&5
configure:3927: $? = 0
configure:3930: test -s conftest.o
configure:3933: $? = 0
configure:3942: result: yes
configure:3946: checking time.h presence
configure:3953: gcc -E  conftest.c
configure:3959: $? = 0
configure:3977: result: yes
configure:3995: checking for time.h
configure:4002: result: yes
configure:3906: checking for unistd.h
configure:3911: result: yes
configure:3915: checking utime.h usability
configure:3924: gcc -c -g -fopenmp -O2  conftest.c >&5
configure:3927: $? = 0
configure:3930: test -s conftest.o
configure:3933: $? = 0
configure:3942: result: yes
configure:3946: checking utime.h presence
configure:3953: gcc -E  conftest.c
configure:3959: $? = 0
configure:3977: result: yes
configure:3995: checking for utime.h
configure:4002: result: yes
configure:4020: checking for lstat
configure:4063: gcc -o conftest -g -fopenmp -O2   conftest.c  >&5
configure:4066: $? = 0
configure:4069: test -s conftest
configure:4072: $? = 0
configure:4082: result: yes
configure:4020: checking for utime
configure:4063: gcc -o conftest -g -fopenmp -O2   conftest.c  >&5
configure:4066: $? = 0
configure:4069: test -s conftest
configure:4072: $? = 0
configure:4082: result: yes
configure:4096: checking for rpmatch
configure:4139: gcc -o conftest -g -fopenmp -O2   conftest.c  >&5
Undefined symbols for architecture x86_64:
  "_rpmatch", referenced from:
      _main in ccC2TFnQ.o
ld: symbol(s) not found for architecture x86_64
collect2: ld returned 1 exit status
configure:4142: $? = 1
configure: failed program was:
#line 4101 "configure"
#include "confdefs.h"
/* System header to define __stub macros and hopefully few prototypes,
    which can conflict with char rpmatch (); below.  */
#include <assert.h>
/* Override any gcc2 internal prototype to avoid an error.  */
#ifdef __cplusplus
extern "C"
#endif
/* We use char because int might match the return type of a gcc2
   builtin and then its argument prototype would still apply.  */
char rpmatch ();
char (*f) ();

#ifdef F77_DUMMY_MAIN
#  ifdef __cplusplus
     extern "C"
#  endif
   int F77_DUMMY_MAIN() { return 1; }
#endif
int
main ()
{
/* The GNU C library defines this for functions which it implements
    to always fail with ENOSYS.  Some functions are actually named
    something starting with __ and the normal name is an alias.  */
#if defined (__stub_rpmatch) || defined (__stub___rpmatch)
choke me
#else
f = rpmatch;
#endif

  ;
  return 0;
}
configure:4158: result: no
configure:4179: checking for dirent.h that defines DIR
configure:4206: gcc -c -g -fopenmp -O2  conftest.c >&5
configure:4209: $? = 0
configure:4212: test -s conftest.o
configure:4215: $? = 0
configure:4225: result: yes
configure:4238: checking for library containing opendir
configure:4271: gcc -o conftest -g -fopenmp -O2   conftest.c  >&5
configure:4274: $? = 0
configure:4277: test -s conftest
configure:4280: $? = 0
configure:4339: result: none required
configure:4457: checking return type of signal handlers
configure:4491: gcc -c -g -fopenmp -O2  conftest.c >&5
configure:4494: $? = 0
configure:4497: test -s conftest.o
configure:4500: $? = 0
configure:4510: result: void
configure:4518: checking for size_t
configure:4545: gcc -c -g -fopenmp -O2  conftest.c >&5
configure:4548: $? = 0
configure:4551: test -s conftest.o
configure:4554: $? = 0
configure:4564: result: yes
configure:4576: checking for off_t
configure:4603: gcc -c -g -fopenmp -O2  conftest.c >&5
configure:4606: $? = 0
configure:4609: test -s conftest.o
configure:4612: $? = 0
configure:4622: result: yes
configure:4634: checking whether #! works in shell scripts
configure:4651: result: yes
configure:4664: checking for gzip
configure:4682: found /usr/bin/gzip
configure:4694: result: /usr/bin/gzip
configure:4817: creating ./config.status

## ---------------------- ##
## Running config.status. ##
## ---------------------- ##

This file was extended by config.status, which was
generated by GNU Autoconf 2.53.  Invocation command line was

  CONFIG_FILES    = 
  CONFIG_HEADERS  = 
  CONFIG_LINKS    = 
  CONFIG_COMMANDS = 
  $ ./config.status 

on Tiggers-Mac-mini.local

config.status:604: creating Makefile
config.status:708: creating config.h
config.status:839: config.h is unchanged
config.status:940: executing depfiles commands

## ---------------- ##
## Cache variables. ##
## ---------------- ##

ac_cv_c_compiler_gnu=yes
ac_cv_c_const=yes
ac_cv_env_CC_set=
ac_cv_env_CC_value=
ac_cv_env_CFLAGS_set=
ac_cv_env_CFLAGS_value=
ac_cv_env_CPPFLAGS_set=
ac_cv_env_CPPFLAGS_value=
ac_cv_env_CPP_set=
ac_cv_env_CPP_value=
ac_cv_env_LDFLAGS_set=
ac_cv_env_LDFLAGS_value=
ac_cv_env_build_alias_set=
ac_cv_env_build_alias_value=
ac_cv_env_host_alias_set=
ac_cv_env_host_alias_value=
ac_cv_env_target_alias_set=
ac_cv_env_target_alias_value=
ac_cv_exeext=
ac_cv_func_lstat=yes
ac_cv_func_rpmatch=no
ac_cv_func_utime=yes
ac_cv_header_dirent_dirent_h=yes
ac_cv_header_fcntl_h=yes
ac_cv_header_inttypes_h=yes
ac_cv_header_limits_h=yes
ac_cv_header_memory_h=yes
ac_cv_header_minix_config_h=no
ac_cv_header_stdc=yes
ac_cv_header_stdint_h=yes
ac_cv_header_stdlib_h=yes
ac_cv_header_string_h=yes
ac_cv_header_strings_h=yes
ac_cv_header_sys_stat_h=yes
ac_cv_header_sys_types_h=yes
ac_cv_header_sys_utime_h=no
ac_cv_header_time_h=yes
ac_cv_header_unistd_h=yes
ac_cv_header_utime_h=yes
ac_cv_objext=o
ac_cv_path_ac_prefix_program=/usr/bin/gzip
ac_cv_path_install='/usr/bin/install -c'
ac_cv_path_shell=/bin/sh
ac_cv_prog_AWK=awk
ac_cv_prog_CPP='gcc -E'
ac_cv_prog_ac_ct_CC=gcc
ac_cv_prog_cc_g=yes
ac_cv_prog_cc_stdc=
ac_cv_prog_make_make_set=yes
ac_cv_search_opendir='none required'
ac_cv_search_strerror='none required'
ac_cv_sys_file_offset_bits=no
ac_cv_sys_interpreter=yes
ac_cv_sys_large_files=no
ac_cv_sys_largefile_CC=no
ac_cv_type_off_t=yes
ac_cv_type_signal=void
ac_cv_type_size_t=yes
am_cv_CC_dependencies_compiler_type=gcc3

## ----------- ##
## confdefs.h. ##
## ----------- ##

#define PACKAGE_NAME ""
#define PACKAGE_TARNAME ""
#define PACKAGE_VERSION ""
#define PACKAGE_STRING ""
#define PACKAGE_BUGREPORT ""
#define PACKAGE "gzip"
#define VERSION "1.3.3"
#define STDC_HEADERS 1
#define HAVE_SYS_TYPES_H 1
#define HAVE_SYS_STAT_H 1
#define HAVE_STDLIB_H 1
#define HAVE_STRING_H 1
#define HAVE_MEMORY_H 1
#define HAVE_STRINGS_H 1
#define HAVE_INTTYPES_H 1
#define HAVE_STDINT_H 1
#define HAVE_UNISTD_H 1
#define STDC_HEADERS 1
#define HAVE_FCNTL_H 1
#define HAVE_LIMITS_H 1
#define HAVE_MEMORY_H 1
#define HAVE_STDLIB_H 1
#define HAVE_STRING_H 1
#define HAVE_TIME_H 1
#define HAVE_UNISTD_H 1
#define HAVE_UTIME_H 1
#define HAVE_LSTAT 1
#define HAVE_UTIME 1
#define HAVE_DIRENT_H 1
#define RETSIGTYPE void

configure: exit 0
